<?xml version="1.0" encoding="UTF-8"?>
<!-- Generated by org.testng.reporters.JUnitReportReporter -->
<testsuite hostname="DESKTOP-L4853CI" failures="0" tests="1" name="testCases.LoginWithCorrectEmailandPassword" time="18.940" errors="0" timestamp="2025-08-20T12:07:05 BDT" skipped="0">
  <testcase classname="testCases.LoginWithCorrectEmailandPassword" name="testLoginWithCreatedUser" time="18.940"/>
  <system-out/>
</testsuite> <!-- testCases.LoginWithCorrectEmailandPassword -->
