<?xml version="1.0" encoding="UTF-8"?>
<!-- Generated by org.testng.reporters.JUnitReportReporter -->
<testsuite hostname="DESKTOP-L4853CI" failures="0" tests="1" name="testCases.testRegisterUser" time="9.250" errors="0" timestamp="2025-08-20T12:07:05 BDT" skipped="0">
  <testcase classname="testCases.testRegisterUser" name="testRegistration" time="9.250"/>
  <system-out/>
</testsuite> <!-- testCases.testRegisterUser -->
